<?xml version="1.0" encoding="UTF-8"?>
<!-- Generated by org.testng.reporters.JUnitReportReporter -->
<testsuite hostname="C02G59ZLML7H" failures="0" tests="2" name="testCases.Test1" time="0.008" errors="0" timestamp="03 Apr 2023 02:32:19 GMT" skipped="0">
  <testcase classname="testCases.Test1" name="test_login" time="0.007"/>
  <testcase classname="testCases.Test1" name="test_logout" time="0.001"/>
</testsuite> <!-- testCases.Test1 -->
