<?xml version="1.0" encoding="UTF-8"?>
<!-- Generated by org.testng.reporters.JUnitReportReporter -->
<testsuite hostname="C02G59ZLML7H" failures="0" tests="2" name="testCases.Test2" time="0.000" errors="0" timestamp="28 Aug 2023 13:56:35 GMT" skipped="0">
  <testcase classname="testCases.Test2" name="test_search" time="0.000"/>
  <testcase classname="testCases.Test2" name="test_advSearch" time="0.000"/>
</testsuite> <!-- testCases.Test2 -->
