<?xml version="1.0" encoding="UTF-8"?>
<!-- Generated by org.testng.reporters.JUnitReportReporter -->
<testsuite hostname="C02G59ZLML7H" failures="0" tests="2" name="testCases.Test1" time="0.005" errors="0" timestamp="28 Aug 2023 13:56:35 GMT" skipped="0">
  <testcase classname="testCases.Test1" name="test_login" time="0.005"/>
  <testcase classname="testCases.Test1" name="test_logout" time="0.000"/>
</testsuite> <!-- testCases.Test1 -->
